#
# There is insufficient memory for the Java Runtime Environment to continue.
# Native memory allocation (mmap) failed to map 357892096 bytes for committing reserved memory.
# Possible reasons:
#   The system is out of physical RAM or swap space
#   In 32 bit mode, the process size limit was hit
# Possible solutions:
#   Reduce memory load on the system
#   Increase physical memory or swap space
#   Check if swap backing store is full
#   Use 64 bit Java on a 64 bit OS
#   Decrease Java heap size (-Xmx/-Xms)
#   Decrease number of Java threads
#   Decrease Java thread stack sizes (-Xss)
#   Set larger code cache with -XX:ReservedCodeCacheSize=
# This output file may be truncated or incomplete.
#
#  Out of Memory Error (os_linux.cpp:2643), pid=3166, tid=0x00007f4743505700
#
# JRE version:  (8.0_151-b12) (build )
# Java VM: OpenJDK 64-Bit Server VM (25.151-b12 mixed mode linux-amd64 compressed oops)
# Failed to write core dump. Core dumps have been disabled. To enable core dumping, try "ulimit -c unlimited" before starting Java again
#

---------------  T H R E A D  ---------------

Current thread (0x00007f473c00a000):  JavaThread "Unknown thread" [_thread_in_vm, id=3167, stack(0x00007f4743405000,0x00007f4743506000)]

Stack: [0x00007f4743405000,0x00007f4743506000],  sp=0x00007f47435045d0,  free space=1021k
Native frames: (J=compiled Java code, j=interpreted, Vv=VM code, C=native code)
V  [libjvm.so+0xa684eb]
V  [libjvm.so+0x4c579c]
V  [libjvm.so+0x8b6b50]
V  [libjvm.so+0x8b0fce]
V  [libjvm.so+0xa64de4]
V  [libjvm.so+0x5cad76]
V  [libjvm.so+0x4cec7f]
V  [libjvm.so+0x5cc142]
V  [libjvm.so+0x5b80ef]
V  [libjvm.so+0xa2bac9]
V  [libjvm.so+0xa2bd12]
V  [libjvm.so+0x60f73f]
V  [libjvm.so+0xa1107a]
V  [libjvm.so+0x6898b2]  JNI_CreateJavaVM+0x62
C  [libjli.so+0x2f2e]
C  [libjli.so+0x73dd]
C  [libpthread.so.0+0x76ba]  start_thread+0xca


---------------  P R O C E S S  ---------------

Java Threads: ( => current thread )

Other Threads:

=>0x00007f473c00a000 (exited) JavaThread "Unknown thread" [_thread_in_vm, id=3167, stack(0x00007f4743405000,0x00007f4743506000)]

VM state:not at safepoint (not fully initialized)

VM Mutex/Monitor currently owned by a thread: None

GC Heap History (0 events):
No events

Deoptimization events (0 events):
No events

Internal exceptions (0 events):
No events

Events (0 events):
No events


Dynamic libraries:
00400000-00401000 r-xp 00000000 fc:00 1709686                            /usr/lib/jvm/java-8-openjdk-amd64/jre/bin/java
00600000-00601000 r--p 00000000 fc:00 1709686                            /usr/lib/jvm/java-8-openjdk-amd64/jre/bin/java
00601000-00602000 rw-p 00001000 fc:00 1709686                            /usr/lib/jvm/java-8-openjdk-amd64/jre/bin/java
01372000-01393000 rw-p 00000000 00:00 0                                  [heap]
d5550000-100000000 ---p 00000000 00:00 0 
7f47339f6000-7f4733bf6000 ---p 00000000 00:00 0 
7f4733bf6000-7f4733c01000 rw-p 00000000 00:00 0 
7f4733c01000-7f4733df7000 ---p 00000000 00:00 0 
7f4733df7000-7f4734067000 rwxp 00000000 00:00 0 
7f4734067000-7f473bdf7000 ---p 00000000 00:00 0 
7f473bdf7000-7f473bdff000 r-xp 00000000 fc:00 1709646                    /usr/lib/jvm/java-8-openjdk-amd64/jre/lib/amd64/libzip.so
7f473bdff000-7f473bffe000 ---p 00008000 fc:00 1709646                    /usr/lib/jvm/java-8-openjdk-amd64/jre/lib/amd64/libzip.so
7f473bffe000-7f473bfff000 r--p 00007000 fc:00 1709646                    /usr/lib/jvm/java-8-openjdk-amd64/jre/lib/amd64/libzip.so
7f473bfff000-7f473c000000 rw-p 00008000 fc:00 1709646                    /usr/lib/jvm/java-8-openjdk-amd64/jre/lib/amd64/libzip.so
7f473c000000-7f473c031000 rw-p 00000000 00:00 0 
7f473c031000-7f4740000000 ---p 00000000 00:00 0 
7f4740075000-7f4740080000 r-xp 00000000 fc:00 1833128                    /lib/x86_64-linux-gnu/libnss_files-2.23.so
7f4740080000-7f474027f000 ---p 0000b000 fc:00 1833128                    /lib/x86_64-linux-gnu/libnss_files-2.23.so
7f474027f000-7f4740280000 r--p 0000a000 fc:00 1833128                    /lib/x86_64-linux-gnu/libnss_files-2.23.so
7f4740280000-7f4740281000 rw-p 0000b000 fc:00 1833128                    /lib/x86_64-linux-gnu/libnss_files-2.23.so
7f4740281000-7f4740287000 rw-p 00000000 00:00 0 
7f4740287000-7f4740292000 r-xp 00000000 fc:00 1833252                    /lib/x86_64-linux-gnu/libnss_nis-2.23.so
7f4740292000-7f4740491000 ---p 0000b000 fc:00 1833252                    /lib/x86_64-linux-gnu/libnss_nis-2.23.so
7f4740491000-7f4740492000 r--p 0000a000 fc:00 1833252                    /lib/x86_64-linux-gnu/libnss_nis-2.23.so
7f4740492000-7f4740493000 rw-p 0000b000 fc:00 1833252                    /lib/x86_64-linux-gnu/libnss_nis-2.23.so
7f4740493000-7f47404a9000 r-xp 00000000 fc:00 1833124                    /lib/x86_64-linux-gnu/libnsl-2.23.so
7f47404a9000-7f47406a8000 ---p 00016000 fc:00 1833124                    /lib/x86_64-linux-gnu/libnsl-2.23.so
7f47406a8000-7f47406a9000 r--p 00015000 fc:00 1833124                    /lib/x86_64-linux-gnu/libnsl-2.23.so
7f47406a9000-7f47406aa000 rw-p 00016000 fc:00 1833124                    /lib/x86_64-linux-gnu/libnsl-2.23.so
7f47406aa000-7f47406ac000 rw-p 00000000 00:00 0 
7f47406ac000-7f47406b4000 r-xp 00000000 fc:00 1834017                    /lib/x86_64-linux-gnu/libnss_compat-2.23.so
7f47406b4000-7f47408b3000 ---p 00008000 fc:00 1834017                    /lib/x86_64-linux-gnu/libnss_compat-2.23.so
7f47408b3000-7f47408b4000 r--p 00007000 fc:00 1834017                    /lib/x86_64-linux-gnu/libnss_compat-2.23.so
7f47408b4000-7f47408b5000 rw-p 00008000 fc:00 1834017                    /lib/x86_64-linux-gnu/libnss_compat-2.23.so
7f47408b5000-7f47408e2000 r-xp 00000000 fc:00 1709619                    /usr/lib/jvm/java-8-openjdk-amd64/jre/lib/amd64/libjava.so
7f47408e2000-7f4740ae1000 ---p 0002d000 fc:00 1709619                    /usr/lib/jvm/java-8-openjdk-amd64/jre/lib/amd64/libjava.so
7f4740ae1000-7f4740ae2000 r--p 0002c000 fc:00 1709619                    /usr/lib/jvm/java-8-openjdk-amd64/jre/lib/amd64/libjava.so
7f4740ae2000-7f4740ae4000 rw-p 0002d000 fc:00 1709619                    /usr/lib/jvm/java-8-openjdk-amd64/jre/lib/amd64/libjava.so
7f4740ae4000-7f4740af3000 r-xp 00000000 fc:00 1709643                    /usr/lib/jvm/java-8-openjdk-amd64/jre/lib/amd64/libverify.so
7f4740af3000-7f4740cf2000 ---p 0000f000 fc:00 1709643                    /usr/lib/jvm/java-8-openjdk-amd64/jre/lib/amd64/libverify.so
7f4740cf2000-7f4740cf4000 r--p 0000e000 fc:00 1709643                    /usr/lib/jvm/java-8-openjdk-amd64/jre/lib/amd64/libverify.so
7f4740cf4000-7f4740cf5000 rw-p 00010000 fc:00 1709643                    /usr/lib/jvm/java-8-openjdk-amd64/jre/lib/amd64/libverify.so
7f4740cf5000-7f4740cfc000 r-xp 00000000 fc:00 1833459                    /lib/x86_64-linux-gnu/librt-2.23.so
7f4740cfc000-7f4740efb000 ---p 00007000 fc:00 1833459                    /lib/x86_64-linux-gnu/librt-2.23.so
7f4740efb000-7f4740efc000 r--p 00006000 fc:00 1833459                    /lib/x86_64-linux-gnu/librt-2.23.so
7f4740efc000-7f4740efd000 rw-p 00007000 fc:00 1833459                    /lib/x86_64-linux-gnu/librt-2.23.so
7f4740efd000-7f4740f13000 r-xp 00000000 fc:00 1831959                    /lib/x86_64-linux-gnu/libgcc_s.so.1
7f4740f13000-7f4741112000 ---p 00016000 fc:00 1831959                    /lib/x86_64-linux-gnu/libgcc_s.so.1
7f4741112000-7f4741113000 rw-p 00015000 fc:00 1831959                    /lib/x86_64-linux-gnu/libgcc_s.so.1
7f4741113000-7f474121b000 r-xp 00000000 fc:00 1834195                    /lib/x86_64-linux-gnu/libm-2.23.so
7f474121b000-7f474141a000 ---p 00108000 fc:00 1834195                    /lib/x86_64-linux-gnu/libm-2.23.so
7f474141a000-7f474141b000 r--p 00107000 fc:00 1834195                    /lib/x86_64-linux-gnu/libm-2.23.so
7f474141b000-7f474141c000 rw-p 00108000 fc:00 1834195                    /lib/x86_64-linux-gnu/libm-2.23.so
7f474141c000-7f474158e000 r-xp 00000000 fc:00 1706435                    /usr/lib/x86_64-linux-gnu/libstdc++.so.6.0.21
7f474158e000-7f474178e000 ---p 00172000 fc:00 1706435                    /usr/lib/x86_64-linux-gnu/libstdc++.so.6.0.21
7f474178e000-7f4741798000 r--p 00172000 fc:00 1706435                    /usr/lib/x86_64-linux-gnu/libstdc++.so.6.0.21
7f4741798000-7f474179a000 rw-p 0017c000 fc:00 1706435                    /usr/lib/x86_64-linux-gnu/libstdc++.so.6.0.21
7f474179a000-7f474179e000 rw-p 00000000 00:00 0 
7f474179e000-7f47423f0000 r-xp 00000000 fc:00 1709632                    /usr/lib/jvm/java-8-openjdk-amd64/jre/lib/amd64/server/libjvm.so
7f47423f0000-7f47425f0000 ---p 00c52000 fc:00 1709632                    /usr/lib/jvm/java-8-openjdk-amd64/jre/lib/amd64/server/libjvm.so
7f47425f0000-7f4742683000 r--p 00c52000 fc:00 1709632                    /usr/lib/jvm/java-8-openjdk-amd64/jre/lib/amd64/server/libjvm.so
7f4742683000-7f47426ac000 rw-p 00ce5000 fc:00 1709632                    /usr/lib/jvm/java-8-openjdk-amd64/jre/lib/amd64/server/libjvm.so
7f47426ac000-7f47426dc000 rw-p 00000000 00:00 0 
7f47426dc000-7f47426f4000 r-xp 00000000 fc:00 1833251                    /lib/x86_64-linux-gnu/libpthread-2.23.so
7f47426f4000-7f47428f3000 ---p 00018000 fc:00 1833251                    /lib/x86_64-linux-gnu/libpthread-2.23.so
7f47428f3000-7f47428f4000 r--p 00017000 fc:00 1833251                    /lib/x86_64-linux-gnu/libpthread-2.23.so
7f47428f4000-7f47428f5000 rw-p 00018000 fc:00 1833251                    /lib/x86_64-linux-gnu/libpthread-2.23.so
7f47428f5000-7f47428f9000 rw-p 00000000 00:00 0 
7f47428f9000-7f47428fc000 r-xp 00000000 fc:00 1834016                    /lib/x86_64-linux-gnu/libdl-2.23.so
7f47428fc000-7f4742afb000 ---p 00003000 fc:00 1834016                    /lib/x86_64-linux-gnu/libdl-2.23.so
7f4742afb000-7f4742afc000 r--p 00002000 fc:00 1834016                    /lib/x86_64-linux-gnu/libdl-2.23.so
7f4742afc000-7f4742afd000 rw-p 00003000 fc:00 1834016                    /lib/x86_64-linux-gnu/libdl-2.23.so
7f4742afd000-7f4742b16000 r-xp 00000000 fc:00 1835767                    /lib/x86_64-linux-gnu/libz.so.1.2.8
7f4742b16000-7f4742d15000 ---p 00019000 fc:00 1835767                    /lib/x86_64-linux-gnu/libz.so.1.2.8
7f4742d15000-7f4742d16000 r--p 00018000 fc:00 1835767                    /lib/x86_64-linux-gnu/libz.so.1.2.8
7f4742d16000-7f4742d17000 rw-p 00019000 fc:00 1835767                    /lib/x86_64-linux-gnu/libz.so.1.2.8
7f4742d17000-7f4742ed7000 r-xp 00000000 fc:00 1834200                    /lib/x86_64-linux-gnu/libc-2.23.so
7f4742ed7000-7f47430d7000 ---p 001c0000 fc:00 1834200                    /lib/x86_64-linux-gnu/libc-2.23.so
7f47430d7000-7f47430db000 r--p 001c0000 fc:00 1834200                    /lib/x86_64-linux-gnu/libc-2.23.so
7f47430db000-7f47430dd000 rw-p 001c4000 fc:00 1834200                    /lib/x86_64-linux-gnu/libc-2.23.so
7f47430dd000-7f47430e1000 rw-p 00000000 00:00 0 
7f47430e1000-7f47430ee000 r-xp 00000000 fc:00 1709640                    /usr/lib/jvm/java-8-openjdk-amd64/jre/lib/amd64/jli/libjli.so
7f47430ee000-7f47432ee000 ---p 0000d000 fc:00 1709640                    /usr/lib/jvm/java-8-openjdk-amd64/jre/lib/amd64/jli/libjli.so
7f47432ee000-7f47432ef000 r--p 0000d000 fc:00 1709640                    /usr/lib/jvm/java-8-openjdk-amd64/jre/lib/amd64/jli/libjli.so
7f47432ef000-7f47432f0000 rw-p 0000e000 fc:00 1709640                    /usr/lib/jvm/java-8-openjdk-amd64/jre/lib/amd64/jli/libjli.so
7f47432f0000-7f4743316000 r-xp 00000000 fc:00 1833125                    /lib/x86_64-linux-gnu/ld-2.23.so
7f47433fd000-7f4743405000 rw-s 00000000 fc:00 529557                     /tmp/hsperfdata_vagrant/3166
7f4743405000-7f4743408000 ---p 00000000 00:00 0 
7f4743408000-7f474350b000 rw-p 00000000 00:00 0 
7f4743511000-7f4743512000 rw-p 00000000 00:00 0 
7f4743512000-7f4743513000 r--p 00000000 00:00 0 
7f4743513000-7f4743515000 rw-p 00000000 00:00 0 
7f4743515000-7f4743516000 r--p 00025000 fc:00 1833125                    /lib/x86_64-linux-gnu/ld-2.23.so
7f4743516000-7f4743517000 rw-p 00026000 fc:00 1833125                    /lib/x86_64-linux-gnu/ld-2.23.so
7f4743517000-7f4743518000 rw-p 00000000 00:00 0 
7ffcc3847000-7ffcc3868000 rw-p 00000000 00:00 0                          [stack]
7ffcc38e1000-7ffcc38e3000 r--p 00000000 00:00 0                          [vvar]
7ffcc38e3000-7ffcc38e5000 r-xp 00000000 00:00 0                          [vdso]
ffffffffff600000-ffffffffff601000 r-xp 00000000 00:00 0                  [vsyscall]

VM Arguments:
jvm_args: -Xms1024m -Xmx1024m -XX:ReservedCodeCacheSize=128m -XX:MaxMetaspaceSize=256m 
java_command: /usr/share/sbt/bin/sbt-launch.jar
java_class_path (initial): /usr/share/sbt/bin/sbt-launch.jar
Launcher Type: SUN_STANDARD

Environment Variables:
PATH=/usr/local/sbin:/usr/local/bin:/usr/sbin:/usr/bin:/sbin:/bin:/usr/games:/usr/local/games:/snap/bin:/opt/puppetlabs/bin
SHELL=/bin/bash

Signal Handlers:
SIGSEGV: [libjvm.so+0xa69040], sa_mask[0]=11111111011111111101111111111110, sa_flags=SA_RESTART|SA_SIGINFO
SIGBUS: [libjvm.so+0xa69040], sa_mask[0]=11111111011111111101111111111110, sa_flags=SA_RESTART|SA_SIGINFO
SIGFPE: [libjvm.so+0x8b2170], sa_mask[0]=11111111011111111101111111111110, sa_flags=SA_RESTART|SA_SIGINFO
SIGPIPE: [libjvm.so+0x8b2170], sa_mask[0]=11111111011111111101111111111110, sa_flags=SA_RESTART|SA_SIGINFO
SIGXFSZ: [libjvm.so+0x8b2170], sa_mask[0]=11111111011111111101111111111110, sa_flags=SA_RESTART|SA_SIGINFO
SIGILL: [libjvm.so+0x8b2170], sa_mask[0]=11111111011111111101111111111110, sa_flags=SA_RESTART|SA_SIGINFO
SIGUSR1: SIG_DFL, sa_mask[0]=00000000000000000000000000000000, sa_flags=none
SIGUSR2: [libjvm.so+0x8b2020], sa_mask[0]=00000000000000000000000000000000, sa_flags=SA_RESTART|SA_SIGINFO
SIGHUP: SIG_DFL, sa_mask[0]=00000000000000000000000000000000, sa_flags=none
SIGINT: SIG_DFL, sa_mask[0]=00000000000000000000000000000000, sa_flags=none
SIGTERM: SIG_DFL, sa_mask[0]=00000000000000000000000000000000, sa_flags=none
SIGQUIT: SIG_DFL, sa_mask[0]=00000000000000000000000000000000, sa_flags=none


---------------  S Y S T E M  ---------------

OS:DISTRIB_ID=Ubuntu
DISTRIB_RELEASE=16.04
DISTRIB_CODENAME=xenial
DISTRIB_DESCRIPTION="Ubuntu 16.04.3 LTS"

uname:Linux 4.4.0-45-generic #66-Ubuntu SMP Wed Oct 19 14:12:37 UTC 2016 x86_64
libc:glibc 2.23 NPTL 2.23 
rlimit: STACK 8192k, CORE 0k, NPROC 3811, NOFILE 1048576, AS infinity
load average:2.10 1.28 0.69

/proc/meminfo:
MemTotal:        1016252 kB
MemFree:           72736 kB
MemAvailable:      20860 kB
Buffers:            2660 kB
Cached:            27696 kB
SwapCached:        15560 kB
Active:           436664 kB
Inactive:         440376 kB
Active(anon):     421508 kB
Inactive(anon):   428472 kB
Active(file):      15156 kB
Inactive(file):    11904 kB
Unevictable:        3660 kB
Mlocked:            3660 kB
SwapTotal:        524284 kB
SwapFree:          56136 kB
Dirty:                56 kB
Writeback:             0 kB
AnonPages:        835244 kB
Mapped:            28240 kB
Shmem:               796 kB
Slab:              26836 kB
SReclaimable:      11828 kB
SUnreclaim:        15008 kB
KernelStack:        3536 kB
PageTables:        10944 kB
NFS_Unstable:          0 kB
Bounce:                0 kB
WritebackTmp:          0 kB
CommitLimit:     1032408 kB
Committed_AS:    2287528 kB
VmallocTotal:   34359738367 kB
VmallocUsed:           0 kB
VmallocChunk:          0 kB
HardwareCorrupted:     0 kB
AnonHugePages:    409600 kB
CmaTotal:              0 kB
CmaFree:               0 kB
HugePages_Total:       0
HugePages_Free:        0
HugePages_Rsvd:        0
HugePages_Surp:        0
Hugepagesize:       2048 kB
DirectMap4k:       59328 kB
DirectMap2M:      989184 kB


CPU:total 1 (initial active 1) (1 cores per cpu, 1 threads per core) family 6 model 37 stepping 5, cmov, cx8, fxsr, mmx, sse, sse2, sse3, ssse3, sse4.1, sse4.2, popcnt, tsc, tscinvbit

/proc/cpuinfo:
processor	: 0
vendor_id	: GenuineIntel
cpu family	: 6
model		: 37
model name	: Intel(R) Core(TM) i3 CPU       M 350  @ 2.27GHz
stepping	: 5
microcode	: 0x616
cpu MHz		: 2261.390
cache size	: 3072 KB
physical id	: 0
siblings	: 1
core id		: 0
cpu cores	: 1
apicid		: 0
initial apicid	: 0
fpu		: yes
fpu_exception	: yes
cpuid level	: 11
wp		: yes
flags		: fpu vme de pse tsc msr pae mce cx8 apic sep mtrr pge mca cmov pat pse36 clflush mmx fxsr sse sse2 syscall nx rdtscp lm constant_tsc rep_good nopl xtopology nonstop_tsc pni monitor ssse3 cx16 sse4_1 sse4_2 popcnt hypervisor lahf_lm
bugs		:
bogomips	: 4522.78
clflush size	: 64
cache_alignment	: 64
address sizes	: 36 bits physical, 48 bits virtual
power management:



Memory: 4k page, physical 1016252k(72736k free), swap 524284k(56136k free)

vm_info: OpenJDK 64-Bit Server VM (25.151-b12) for linux-amd64 JRE (1.8.0_151-8u151-b12-0ubuntu0.16.04.2-b12), built on Oct 27 2017 21:59:02 by "buildd" with gcc 5.4.0 20160609

time: Tue Dec 12 06:07:17 2017
elapsed time: 0 seconds (0d 0h 0m 0s)

