#
# There is insufficient memory for the Java Runtime Environment to continue.
# Native memory allocation (mmap) failed to map 357892096 bytes for committing reserved memory.
# Possible reasons:
#   The system is out of physical RAM or swap space
#   In 32 bit mode, the process size limit was hit
# Possible solutions:
#   Reduce memory load on the system
#   Increase physical memory or swap space
#   Check if swap backing store is full
#   Use 64 bit Java on a 64 bit OS
#   Decrease Java heap size (-Xmx/-Xms)
#   Decrease number of Java threads
#   Decrease Java thread stack sizes (-Xss)
#   Set larger code cache with -XX:ReservedCodeCacheSize=
# This output file may be truncated or incomplete.
#
#  Out of Memory Error (os_linux.cpp:2643), pid=5020, tid=0x00007fef95c39700
#
# JRE version:  (8.0_151-b12) (build )
# Java VM: OpenJDK 64-Bit Server VM (25.151-b12 mixed mode linux-amd64 compressed oops)
# Failed to write core dump. Core dumps have been disabled. To enable core dumping, try "ulimit -c unlimited" before starting Java again
#

---------------  T H R E A D  ---------------

Current thread (0x00007fef8c00a000):  JavaThread "Unknown thread" [_thread_in_vm, id=5021, stack(0x00007fef95b39000,0x00007fef95c3a000)]

Stack: [0x00007fef95b39000,0x00007fef95c3a000],  sp=0x00007fef95c385d0,  free space=1021k
Native frames: (J=compiled Java code, j=interpreted, Vv=VM code, C=native code)
V  [libjvm.so+0xa684eb]
V  [libjvm.so+0x4c579c]
V  [libjvm.so+0x8b6b50]
V  [libjvm.so+0x8b0fce]
V  [libjvm.so+0xa64de4]
V  [libjvm.so+0x5cad76]
V  [libjvm.so+0x4cec7f]
V  [libjvm.so+0x5cc142]
V  [libjvm.so+0x5b80ef]
V  [libjvm.so+0xa2bac9]
V  [libjvm.so+0xa2bd12]
V  [libjvm.so+0x60f73f]
V  [libjvm.so+0xa1107a]
V  [libjvm.so+0x6898b2]  JNI_CreateJavaVM+0x62
C  [libjli.so+0x2f2e]
C  [libjli.so+0x73dd]
C  [libpthread.so.0+0x76ba]  start_thread+0xca


---------------  P R O C E S S  ---------------

Java Threads: ( => current thread )

Other Threads:

=>0x00007fef8c00a000 (exited) JavaThread "Unknown thread" [_thread_in_vm, id=5021, stack(0x00007fef95b39000,0x00007fef95c3a000)]

VM state:not at safepoint (not fully initialized)

VM Mutex/Monitor currently owned by a thread: None

GC Heap History (0 events):
No events

Deoptimization events (0 events):
No events

Internal exceptions (0 events):
No events

Events (0 events):
No events


Dynamic libraries:
00400000-00401000 r-xp 00000000 fc:00 1709686                            /usr/lib/jvm/java-8-openjdk-amd64/jre/bin/java
00600000-00601000 r--p 00000000 fc:00 1709686                            /usr/lib/jvm/java-8-openjdk-amd64/jre/bin/java
00601000-00602000 rw-p 00001000 fc:00 1709686                            /usr/lib/jvm/java-8-openjdk-amd64/jre/bin/java
01033000-01054000 rw-p 00000000 00:00 0                                  [heap]
d5550000-100000000 ---p 00000000 00:00 0 
7fef84000000-7fef84270000 rwxp 00000000 00:00 0 
7fef84270000-7fef8c000000 ---p 00000000 00:00 0 
7fef8c000000-7fef8c031000 rw-p 00000000 00:00 0 
7fef8c031000-7fef90000000 ---p 00000000 00:00 0 
7fef9219f000-7fef9239f000 ---p 00000000 00:00 0 
7fef9239f000-7fef923aa000 rw-p 00000000 00:00 0 
7fef923aa000-7fef925a0000 ---p 00000000 00:00 0 
7fef925a0000-7fef925a8000 r-xp 00000000 fc:00 1709646                    /usr/lib/jvm/java-8-openjdk-amd64/jre/lib/amd64/libzip.so
7fef925a8000-7fef927a7000 ---p 00008000 fc:00 1709646                    /usr/lib/jvm/java-8-openjdk-amd64/jre/lib/amd64/libzip.so
7fef927a7000-7fef927a8000 r--p 00007000 fc:00 1709646                    /usr/lib/jvm/java-8-openjdk-amd64/jre/lib/amd64/libzip.so
7fef927a8000-7fef927a9000 rw-p 00008000 fc:00 1709646                    /usr/lib/jvm/java-8-openjdk-amd64/jre/lib/amd64/libzip.so
7fef927a9000-7fef927b4000 r-xp 00000000 fc:00 1833128                    /lib/x86_64-linux-gnu/libnss_files-2.23.so
7fef927b4000-7fef929b3000 ---p 0000b000 fc:00 1833128                    /lib/x86_64-linux-gnu/libnss_files-2.23.so
7fef929b3000-7fef929b4000 r--p 0000a000 fc:00 1833128                    /lib/x86_64-linux-gnu/libnss_files-2.23.so
7fef929b4000-7fef929b5000 rw-p 0000b000 fc:00 1833128                    /lib/x86_64-linux-gnu/libnss_files-2.23.so
7fef929b5000-7fef929bb000 rw-p 00000000 00:00 0 
7fef929bb000-7fef929c6000 r-xp 00000000 fc:00 1833252                    /lib/x86_64-linux-gnu/libnss_nis-2.23.so
7fef929c6000-7fef92bc5000 ---p 0000b000 fc:00 1833252                    /lib/x86_64-linux-gnu/libnss_nis-2.23.so
7fef92bc5000-7fef92bc6000 r--p 0000a000 fc:00 1833252                    /lib/x86_64-linux-gnu/libnss_nis-2.23.so
7fef92bc6000-7fef92bc7000 rw-p 0000b000 fc:00 1833252                    /lib/x86_64-linux-gnu/libnss_nis-2.23.so
7fef92bc7000-7fef92bdd000 r-xp 00000000 fc:00 1833124                    /lib/x86_64-linux-gnu/libnsl-2.23.so
7fef92bdd000-7fef92ddc000 ---p 00016000 fc:00 1833124                    /lib/x86_64-linux-gnu/libnsl-2.23.so
7fef92ddc000-7fef92ddd000 r--p 00015000 fc:00 1833124                    /lib/x86_64-linux-gnu/libnsl-2.23.so
7fef92ddd000-7fef92dde000 rw-p 00016000 fc:00 1833124                    /lib/x86_64-linux-gnu/libnsl-2.23.so
7fef92dde000-7fef92de0000 rw-p 00000000 00:00 0 
7fef92de0000-7fef92de8000 r-xp 00000000 fc:00 1834017                    /lib/x86_64-linux-gnu/libnss_compat-2.23.so
7fef92de8000-7fef92fe7000 ---p 00008000 fc:00 1834017                    /lib/x86_64-linux-gnu/libnss_compat-2.23.so
7fef92fe7000-7fef92fe8000 r--p 00007000 fc:00 1834017                    /lib/x86_64-linux-gnu/libnss_compat-2.23.so
7fef92fe8000-7fef92fe9000 rw-p 00008000 fc:00 1834017                    /lib/x86_64-linux-gnu/libnss_compat-2.23.so
7fef92fe9000-7fef93016000 r-xp 00000000 fc:00 1709619                    /usr/lib/jvm/java-8-openjdk-amd64/jre/lib/amd64/libjava.so
7fef93016000-7fef93215000 ---p 0002d000 fc:00 1709619                    /usr/lib/jvm/java-8-openjdk-amd64/jre/lib/amd64/libjava.so
7fef93215000-7fef93216000 r--p 0002c000 fc:00 1709619                    /usr/lib/jvm/java-8-openjdk-amd64/jre/lib/amd64/libjava.so
7fef93216000-7fef93218000 rw-p 0002d000 fc:00 1709619                    /usr/lib/jvm/java-8-openjdk-amd64/jre/lib/amd64/libjava.so
7fef93218000-7fef93227000 r-xp 00000000 fc:00 1709643                    /usr/lib/jvm/java-8-openjdk-amd64/jre/lib/amd64/libverify.so
7fef93227000-7fef93426000 ---p 0000f000 fc:00 1709643                    /usr/lib/jvm/java-8-openjdk-amd64/jre/lib/amd64/libverify.so
7fef93426000-7fef93428000 r--p 0000e000 fc:00 1709643                    /usr/lib/jvm/java-8-openjdk-amd64/jre/lib/amd64/libverify.so
7fef93428000-7fef93429000 rw-p 00010000 fc:00 1709643                    /usr/lib/jvm/java-8-openjdk-amd64/jre/lib/amd64/libverify.so
7fef93429000-7fef93430000 r-xp 00000000 fc:00 1833459                    /lib/x86_64-linux-gnu/librt-2.23.so
7fef93430000-7fef9362f000 ---p 00007000 fc:00 1833459                    /lib/x86_64-linux-gnu/librt-2.23.so
7fef9362f000-7fef93630000 r--p 00006000 fc:00 1833459                    /lib/x86_64-linux-gnu/librt-2.23.so
7fef93630000-7fef93631000 rw-p 00007000 fc:00 1833459                    /lib/x86_64-linux-gnu/librt-2.23.so
7fef93631000-7fef93647000 r-xp 00000000 fc:00 1831959                    /lib/x86_64-linux-gnu/libgcc_s.so.1
7fef93647000-7fef93846000 ---p 00016000 fc:00 1831959                    /lib/x86_64-linux-gnu/libgcc_s.so.1
7fef93846000-7fef93847000 rw-p 00015000 fc:00 1831959                    /lib/x86_64-linux-gnu/libgcc_s.so.1
7fef93847000-7fef9394f000 r-xp 00000000 fc:00 1834195                    /lib/x86_64-linux-gnu/libm-2.23.so
7fef9394f000-7fef93b4e000 ---p 00108000 fc:00 1834195                    /lib/x86_64-linux-gnu/libm-2.23.so
7fef93b4e000-7fef93b4f000 r--p 00107000 fc:00 1834195                    /lib/x86_64-linux-gnu/libm-2.23.so
7fef93b4f000-7fef93b50000 rw-p 00108000 fc:00 1834195                    /lib/x86_64-linux-gnu/libm-2.23.so
7fef93b50000-7fef93cc2000 r-xp 00000000 fc:00 1706435                    /usr/lib/x86_64-linux-gnu/libstdc++.so.6.0.21
7fef93cc2000-7fef93ec2000 ---p 00172000 fc:00 1706435                    /usr/lib/x86_64-linux-gnu/libstdc++.so.6.0.21
7fef93ec2000-7fef93ecc000 r--p 00172000 fc:00 1706435                    /usr/lib/x86_64-linux-gnu/libstdc++.so.6.0.21
7fef93ecc000-7fef93ece000 rw-p 0017c000 fc:00 1706435                    /usr/lib/x86_64-linux-gnu/libstdc++.so.6.0.21
7fef93ece000-7fef93ed2000 rw-p 00000000 00:00 0 
7fef93ed2000-7fef94b24000 r-xp 00000000 fc:00 1709632                    /usr/lib/jvm/java-8-openjdk-amd64/jre/lib/amd64/server/libjvm.so
7fef94b24000-7fef94d24000 ---p 00c52000 fc:00 1709632                    /usr/lib/jvm/java-8-openjdk-amd64/jre/lib/amd64/server/libjvm.so
7fef94d24000-7fef94db7000 r--p 00c52000 fc:00 1709632                    /usr/lib/jvm/java-8-openjdk-amd64/jre/lib/amd64/server/libjvm.so
7fef94db7000-7fef94de0000 rw-p 00ce5000 fc:00 1709632                    /usr/lib/jvm/java-8-openjdk-amd64/jre/lib/amd64/server/libjvm.so
7fef94de0000-7fef94e10000 rw-p 00000000 00:00 0 
7fef94e10000-7fef94e28000 r-xp 00000000 fc:00 1833251                    /lib/x86_64-linux-gnu/libpthread-2.23.so
7fef94e28000-7fef95027000 ---p 00018000 fc:00 1833251                    /lib/x86_64-linux-gnu/libpthread-2.23.so
7fef95027000-7fef95028000 r--p 00017000 fc:00 1833251                    /lib/x86_64-linux-gnu/libpthread-2.23.so
7fef95028000-7fef95029000 rw-p 00018000 fc:00 1833251                    /lib/x86_64-linux-gnu/libpthread-2.23.so
7fef95029000-7fef9502d000 rw-p 00000000 00:00 0 
7fef9502d000-7fef95030000 r-xp 00000000 fc:00 1834016                    /lib/x86_64-linux-gnu/libdl-2.23.so
7fef95030000-7fef9522f000 ---p 00003000 fc:00 1834016                    /lib/x86_64-linux-gnu/libdl-2.23.so
7fef9522f000-7fef95230000 r--p 00002000 fc:00 1834016                    /lib/x86_64-linux-gnu/libdl-2.23.so
7fef95230000-7fef95231000 rw-p 00003000 fc:00 1834016                    /lib/x86_64-linux-gnu/libdl-2.23.so
7fef95231000-7fef9524a000 r-xp 00000000 fc:00 1835767                    /lib/x86_64-linux-gnu/libz.so.1.2.8
7fef9524a000-7fef95449000 ---p 00019000 fc:00 1835767                    /lib/x86_64-linux-gnu/libz.so.1.2.8
7fef95449000-7fef9544a000 r--p 00018000 fc:00 1835767                    /lib/x86_64-linux-gnu/libz.so.1.2.8
7fef9544a000-7fef9544b000 rw-p 00019000 fc:00 1835767                    /lib/x86_64-linux-gnu/libz.so.1.2.8
7fef9544b000-7fef9560b000 r-xp 00000000 fc:00 1834200                    /lib/x86_64-linux-gnu/libc-2.23.so
7fef9560b000-7fef9580b000 ---p 001c0000 fc:00 1834200                    /lib/x86_64-linux-gnu/libc-2.23.so
7fef9580b000-7fef9580f000 r--p 001c0000 fc:00 1834200                    /lib/x86_64-linux-gnu/libc-2.23.so
7fef9580f000-7fef95811000 rw-p 001c4000 fc:00 1834200                    /lib/x86_64-linux-gnu/libc-2.23.so
7fef95811000-7fef95815000 rw-p 00000000 00:00 0 
7fef95815000-7fef95822000 r-xp 00000000 fc:00 1709640                    /usr/lib/jvm/java-8-openjdk-amd64/jre/lib/amd64/jli/libjli.so
7fef95822000-7fef95a22000 ---p 0000d000 fc:00 1709640                    /usr/lib/jvm/java-8-openjdk-amd64/jre/lib/amd64/jli/libjli.so
7fef95a22000-7fef95a23000 r--p 0000d000 fc:00 1709640                    /usr/lib/jvm/java-8-openjdk-amd64/jre/lib/amd64/jli/libjli.so
7fef95a23000-7fef95a24000 rw-p 0000e000 fc:00 1709640                    /usr/lib/jvm/java-8-openjdk-amd64/jre/lib/amd64/jli/libjli.so
7fef95a24000-7fef95a4a000 r-xp 00000000 fc:00 1833125                    /lib/x86_64-linux-gnu/ld-2.23.so
7fef95b31000-7fef95b39000 rw-s 00000000 fc:00 529643                     /tmp/hsperfdata_vagrant/5020
7fef95b39000-7fef95b3c000 ---p 00000000 00:00 0 
7fef95b3c000-7fef95c3f000 rw-p 00000000 00:00 0 
7fef95c45000-7fef95c46000 rw-p 00000000 00:00 0 
7fef95c46000-7fef95c47000 r--p 00000000 00:00 0 
7fef95c47000-7fef95c49000 rw-p 00000000 00:00 0 
7fef95c49000-7fef95c4a000 r--p 00025000 fc:00 1833125                    /lib/x86_64-linux-gnu/ld-2.23.so
7fef95c4a000-7fef95c4b000 rw-p 00026000 fc:00 1833125                    /lib/x86_64-linux-gnu/ld-2.23.so
7fef95c4b000-7fef95c4c000 rw-p 00000000 00:00 0 
7ffc0307b000-7ffc0309c000 rw-p 00000000 00:00 0                          [stack]
7ffc0311d000-7ffc0311f000 r--p 00000000 00:00 0                          [vvar]
7ffc0311f000-7ffc03121000 r-xp 00000000 00:00 0                          [vdso]
ffffffffff600000-ffffffffff601000 r-xp 00000000 00:00 0                  [vsyscall]

VM Arguments:
jvm_args: -Xms1024m -Xmx1024m -XX:ReservedCodeCacheSize=128m -XX:MaxMetaspaceSize=256m 
java_command: /usr/share/sbt/bin/sbt-launch.jar
java_class_path (initial): /usr/share/sbt/bin/sbt-launch.jar
Launcher Type: SUN_STANDARD

Environment Variables:
PATH=/usr/local/sbin:/usr/local/bin:/usr/sbin:/usr/bin:/sbin:/bin:/usr/games:/usr/local/games:/snap/bin:/opt/puppetlabs/bin
SHELL=/bin/bash

Signal Handlers:
SIGSEGV: [libjvm.so+0xa69040], sa_mask[0]=11111111011111111101111111111110, sa_flags=SA_RESTART|SA_SIGINFO
SIGBUS: [libjvm.so+0xa69040], sa_mask[0]=11111111011111111101111111111110, sa_flags=SA_RESTART|SA_SIGINFO
SIGFPE: [libjvm.so+0x8b2170], sa_mask[0]=11111111011111111101111111111110, sa_flags=SA_RESTART|SA_SIGINFO
SIGPIPE: [libjvm.so+0x8b2170], sa_mask[0]=11111111011111111101111111111110, sa_flags=SA_RESTART|SA_SIGINFO
SIGXFSZ: [libjvm.so+0x8b2170], sa_mask[0]=11111111011111111101111111111110, sa_flags=SA_RESTART|SA_SIGINFO
SIGILL: [libjvm.so+0x8b2170], sa_mask[0]=11111111011111111101111111111110, sa_flags=SA_RESTART|SA_SIGINFO
SIGUSR1: SIG_DFL, sa_mask[0]=00000000000000000000000000000000, sa_flags=none
SIGUSR2: [libjvm.so+0x8b2020], sa_mask[0]=00000000000000000000000000000000, sa_flags=SA_RESTART|SA_SIGINFO
SIGHUP: SIG_DFL, sa_mask[0]=00000000000000000000000000000000, sa_flags=none
SIGINT: SIG_DFL, sa_mask[0]=00000000000000000000000000000000, sa_flags=none
SIGTERM: SIG_DFL, sa_mask[0]=00000000000000000000000000000000, sa_flags=none
SIGQUIT: SIG_DFL, sa_mask[0]=00000000000000000000000000000000, sa_flags=none


---------------  S Y S T E M  ---------------

OS:DISTRIB_ID=Ubuntu
DISTRIB_RELEASE=16.04
DISTRIB_CODENAME=xenial
DISTRIB_DESCRIPTION="Ubuntu 16.04.3 LTS"

uname:Linux 4.4.0-45-generic #66-Ubuntu SMP Wed Oct 19 14:12:37 UTC 2016 x86_64
libc:glibc 2.23 NPTL 2.23 
rlimit: STACK 8192k, CORE 0k, NPROC 3811, NOFILE 1048576, AS infinity
load average:0.11 0.22 0.13

/proc/meminfo:
MemTotal:        1016252 kB
MemFree:           97788 kB
MemAvailable:     126324 kB
Buffers:            3504 kB
Cached:           147492 kB
SwapCached:        18904 kB
Active:           366492 kB
Inactive:         475412 kB
Active(anon):     300240 kB
Inactive(anon):   393792 kB
Active(file):      66252 kB
Inactive(file):    81620 kB
Unevictable:        3660 kB
Mlocked:            3660 kB
SwapTotal:        524284 kB
SwapFree:          62056 kB
Dirty:                92 kB
Writeback:             0 kB
AnonPages:        678076 kB
Mapped:            32112 kB
Shmem:               732 kB
Slab:              32848 kB
SReclaimable:      16600 kB
SUnreclaim:        16248 kB
KernelStack:        3776 kB
PageTables:        13944 kB
NFS_Unstable:          0 kB
Bounce:                0 kB
WritebackTmp:          0 kB
CommitLimit:     1032408 kB
Committed_AS:    2308036 kB
VmallocTotal:   34359738367 kB
VmallocUsed:           0 kB
VmallocChunk:          0 kB
HardwareCorrupted:     0 kB
AnonHugePages:    366592 kB
CmaTotal:              0 kB
CmaFree:               0 kB
HugePages_Total:       0
HugePages_Free:        0
HugePages_Rsvd:        0
HugePages_Surp:        0
Hugepagesize:       2048 kB
DirectMap4k:       73664 kB
DirectMap2M:      974848 kB


CPU:total 1 (initial active 1) (1 cores per cpu, 1 threads per core) family 6 model 37 stepping 5, cmov, cx8, fxsr, mmx, sse, sse2, sse3, ssse3, sse4.1, sse4.2, popcnt, tsc, tscinvbit

/proc/cpuinfo:
processor	: 0
vendor_id	: GenuineIntel
cpu family	: 6
model		: 37
model name	: Intel(R) Core(TM) i3 CPU       M 350  @ 2.27GHz
stepping	: 5
microcode	: 0x616
cpu MHz		: 2261.390
cache size	: 3072 KB
physical id	: 0
siblings	: 1
core id		: 0
cpu cores	: 1
apicid		: 0
initial apicid	: 0
fpu		: yes
fpu_exception	: yes
cpuid level	: 11
wp		: yes
flags		: fpu vme de pse tsc msr pae mce cx8 apic sep mtrr pge mca cmov pat pse36 clflush mmx fxsr sse sse2 syscall nx rdtscp lm constant_tsc rep_good nopl xtopology nonstop_tsc pni monitor ssse3 cx16 sse4_1 sse4_2 popcnt hypervisor lahf_lm
bugs		:
bogomips	: 4522.78
clflush size	: 64
cache_alignment	: 64
address sizes	: 36 bits physical, 48 bits virtual
power management:



Memory: 4k page, physical 1016252k(97788k free), swap 524284k(62056k free)

vm_info: OpenJDK 64-Bit Server VM (25.151-b12) for linux-amd64 JRE (1.8.0_151-8u151-b12-0ubuntu0.16.04.2-b12), built on Oct 27 2017 21:59:02 by "buildd" with gcc 5.4.0 20160609

time: Mon Dec 11 03:04:20 2017
elapsed time: 0 seconds (0d 0h 0m 0s)

