#
# There is insufficient memory for the Java Runtime Environment to continue.
# Native memory allocation (mmap) failed to map 357892096 bytes for committing reserved memory.
# Possible reasons:
#   The system is out of physical RAM or swap space
#   In 32 bit mode, the process size limit was hit
# Possible solutions:
#   Reduce memory load on the system
#   Increase physical memory or swap space
#   Check if swap backing store is full
#   Use 64 bit Java on a 64 bit OS
#   Decrease Java heap size (-Xmx/-Xms)
#   Decrease number of Java threads
#   Decrease Java thread stack sizes (-Xss)
#   Set larger code cache with -XX:ReservedCodeCacheSize=
# This output file may be truncated or incomplete.
#
#  Out of Memory Error (os_linux.cpp:2643), pid=3229, tid=0x00007fb1ee3d3700
#
# JRE version:  (8.0_151-b12) (build )
# Java VM: OpenJDK 64-Bit Server VM (25.151-b12 mixed mode linux-amd64 compressed oops)
# Failed to write core dump. Core dumps have been disabled. To enable core dumping, try "ulimit -c unlimited" before starting Java again
#

---------------  T H R E A D  ---------------

Current thread (0x00007fb1e400a000):  JavaThread "Unknown thread" [_thread_in_vm, id=3230, stack(0x00007fb1ee2d3000,0x00007fb1ee3d4000)]

Stack: [0x00007fb1ee2d3000,0x00007fb1ee3d4000],  sp=0x00007fb1ee3d25d0,  free space=1021k
Native frames: (J=compiled Java code, j=interpreted, Vv=VM code, C=native code)
V  [libjvm.so+0xa684eb]
V  [libjvm.so+0x4c579c]
V  [libjvm.so+0x8b6b50]
V  [libjvm.so+0x8b0fce]
V  [libjvm.so+0xa64de4]
V  [libjvm.so+0x5cad76]
V  [libjvm.so+0x4cec7f]
V  [libjvm.so+0x5cc142]
V  [libjvm.so+0x5b80ef]
V  [libjvm.so+0xa2bac9]
V  [libjvm.so+0xa2bd12]
V  [libjvm.so+0x60f73f]
V  [libjvm.so+0xa1107a]
V  [libjvm.so+0x6898b2]  JNI_CreateJavaVM+0x62
C  [libjli.so+0x2f2e]
C  [libjli.so+0x73dd]
C  [libpthread.so.0+0x76ba]  start_thread+0xca


---------------  P R O C E S S  ---------------

Java Threads: ( => current thread )

Other Threads:

=>0x00007fb1e400a000 (exited) JavaThread "Unknown thread" [_thread_in_vm, id=3230, stack(0x00007fb1ee2d3000,0x00007fb1ee3d4000)]

VM state:not at safepoint (not fully initialized)

VM Mutex/Monitor currently owned by a thread: None

GC Heap History (0 events):
No events

Deoptimization events (0 events):
No events

Internal exceptions (0 events):
No events

Events (0 events):
No events


Dynamic libraries:
00400000-00401000 r-xp 00000000 fc:00 1709686                            /usr/lib/jvm/java-8-openjdk-amd64/jre/bin/java
00600000-00601000 r--p 00000000 fc:00 1709686                            /usr/lib/jvm/java-8-openjdk-amd64/jre/bin/java
00601000-00602000 rw-p 00001000 fc:00 1709686                            /usr/lib/jvm/java-8-openjdk-amd64/jre/bin/java
0249c000-024bd000 rw-p 00000000 00:00 0                                  [heap]
d5550000-100000000 ---p 00000000 00:00 0 
7fb1dc000000-7fb1dc270000 rwxp 00000000 00:00 0 
7fb1dc270000-7fb1e4000000 ---p 00000000 00:00 0 
7fb1e4000000-7fb1e4031000 rw-p 00000000 00:00 0 
7fb1e4031000-7fb1e8000000 ---p 00000000 00:00 0 
7fb1ea939000-7fb1eab39000 ---p 00000000 00:00 0 
7fb1eab39000-7fb1eab44000 rw-p 00000000 00:00 0 
7fb1eab44000-7fb1ead3a000 ---p 00000000 00:00 0 
7fb1ead3a000-7fb1ead42000 r-xp 00000000 fc:00 1709646                    /usr/lib/jvm/java-8-openjdk-amd64/jre/lib/amd64/libzip.so
7fb1ead42000-7fb1eaf41000 ---p 00008000 fc:00 1709646                    /usr/lib/jvm/java-8-openjdk-amd64/jre/lib/amd64/libzip.so
7fb1eaf41000-7fb1eaf42000 r--p 00007000 fc:00 1709646                    /usr/lib/jvm/java-8-openjdk-amd64/jre/lib/amd64/libzip.so
7fb1eaf42000-7fb1eaf43000 rw-p 00008000 fc:00 1709646                    /usr/lib/jvm/java-8-openjdk-amd64/jre/lib/amd64/libzip.so
7fb1eaf43000-7fb1eaf4e000 r-xp 00000000 fc:00 1833128                    /lib/x86_64-linux-gnu/libnss_files-2.23.so
7fb1eaf4e000-7fb1eb14d000 ---p 0000b000 fc:00 1833128                    /lib/x86_64-linux-gnu/libnss_files-2.23.so
7fb1eb14d000-7fb1eb14e000 r--p 0000a000 fc:00 1833128                    /lib/x86_64-linux-gnu/libnss_files-2.23.so
7fb1eb14e000-7fb1eb14f000 rw-p 0000b000 fc:00 1833128                    /lib/x86_64-linux-gnu/libnss_files-2.23.so
7fb1eb14f000-7fb1eb155000 rw-p 00000000 00:00 0 
7fb1eb155000-7fb1eb160000 r-xp 00000000 fc:00 1833252                    /lib/x86_64-linux-gnu/libnss_nis-2.23.so
7fb1eb160000-7fb1eb35f000 ---p 0000b000 fc:00 1833252                    /lib/x86_64-linux-gnu/libnss_nis-2.23.so
7fb1eb35f000-7fb1eb360000 r--p 0000a000 fc:00 1833252                    /lib/x86_64-linux-gnu/libnss_nis-2.23.so
7fb1eb360000-7fb1eb361000 rw-p 0000b000 fc:00 1833252                    /lib/x86_64-linux-gnu/libnss_nis-2.23.so
7fb1eb361000-7fb1eb377000 r-xp 00000000 fc:00 1833124                    /lib/x86_64-linux-gnu/libnsl-2.23.so
7fb1eb377000-7fb1eb576000 ---p 00016000 fc:00 1833124                    /lib/x86_64-linux-gnu/libnsl-2.23.so
7fb1eb576000-7fb1eb577000 r--p 00015000 fc:00 1833124                    /lib/x86_64-linux-gnu/libnsl-2.23.so
7fb1eb577000-7fb1eb578000 rw-p 00016000 fc:00 1833124                    /lib/x86_64-linux-gnu/libnsl-2.23.so
7fb1eb578000-7fb1eb57a000 rw-p 00000000 00:00 0 
7fb1eb57a000-7fb1eb582000 r-xp 00000000 fc:00 1834017                    /lib/x86_64-linux-gnu/libnss_compat-2.23.so
7fb1eb582000-7fb1eb781000 ---p 00008000 fc:00 1834017                    /lib/x86_64-linux-gnu/libnss_compat-2.23.so
7fb1eb781000-7fb1eb782000 r--p 00007000 fc:00 1834017                    /lib/x86_64-linux-gnu/libnss_compat-2.23.so
7fb1eb782000-7fb1eb783000 rw-p 00008000 fc:00 1834017                    /lib/x86_64-linux-gnu/libnss_compat-2.23.so
7fb1eb783000-7fb1eb7b0000 r-xp 00000000 fc:00 1709619                    /usr/lib/jvm/java-8-openjdk-amd64/jre/lib/amd64/libjava.so
7fb1eb7b0000-7fb1eb9af000 ---p 0002d000 fc:00 1709619                    /usr/lib/jvm/java-8-openjdk-amd64/jre/lib/amd64/libjava.so
7fb1eb9af000-7fb1eb9b0000 r--p 0002c000 fc:00 1709619                    /usr/lib/jvm/java-8-openjdk-amd64/jre/lib/amd64/libjava.so
7fb1eb9b0000-7fb1eb9b2000 rw-p 0002d000 fc:00 1709619                    /usr/lib/jvm/java-8-openjdk-amd64/jre/lib/amd64/libjava.so
7fb1eb9b2000-7fb1eb9c1000 r-xp 00000000 fc:00 1709643                    /usr/lib/jvm/java-8-openjdk-amd64/jre/lib/amd64/libverify.so
7fb1eb9c1000-7fb1ebbc0000 ---p 0000f000 fc:00 1709643                    /usr/lib/jvm/java-8-openjdk-amd64/jre/lib/amd64/libverify.so
7fb1ebbc0000-7fb1ebbc2000 r--p 0000e000 fc:00 1709643                    /usr/lib/jvm/java-8-openjdk-amd64/jre/lib/amd64/libverify.so
7fb1ebbc2000-7fb1ebbc3000 rw-p 00010000 fc:00 1709643                    /usr/lib/jvm/java-8-openjdk-amd64/jre/lib/amd64/libverify.so
7fb1ebbc3000-7fb1ebbca000 r-xp 00000000 fc:00 1833459                    /lib/x86_64-linux-gnu/librt-2.23.so
7fb1ebbca000-7fb1ebdc9000 ---p 00007000 fc:00 1833459                    /lib/x86_64-linux-gnu/librt-2.23.so
7fb1ebdc9000-7fb1ebdca000 r--p 00006000 fc:00 1833459                    /lib/x86_64-linux-gnu/librt-2.23.so
7fb1ebdca000-7fb1ebdcb000 rw-p 00007000 fc:00 1833459                    /lib/x86_64-linux-gnu/librt-2.23.so
7fb1ebdcb000-7fb1ebde1000 r-xp 00000000 fc:00 1831959                    /lib/x86_64-linux-gnu/libgcc_s.so.1
7fb1ebde1000-7fb1ebfe0000 ---p 00016000 fc:00 1831959                    /lib/x86_64-linux-gnu/libgcc_s.so.1
7fb1ebfe0000-7fb1ebfe1000 rw-p 00015000 fc:00 1831959                    /lib/x86_64-linux-gnu/libgcc_s.so.1
7fb1ebfe1000-7fb1ec0e9000 r-xp 00000000 fc:00 1834195                    /lib/x86_64-linux-gnu/libm-2.23.so
7fb1ec0e9000-7fb1ec2e8000 ---p 00108000 fc:00 1834195                    /lib/x86_64-linux-gnu/libm-2.23.so
7fb1ec2e8000-7fb1ec2e9000 r--p 00107000 fc:00 1834195                    /lib/x86_64-linux-gnu/libm-2.23.so
7fb1ec2e9000-7fb1ec2ea000 rw-p 00108000 fc:00 1834195                    /lib/x86_64-linux-gnu/libm-2.23.so
7fb1ec2ea000-7fb1ec45c000 r-xp 00000000 fc:00 1706435                    /usr/lib/x86_64-linux-gnu/libstdc++.so.6.0.21
7fb1ec45c000-7fb1ec65c000 ---p 00172000 fc:00 1706435                    /usr/lib/x86_64-linux-gnu/libstdc++.so.6.0.21
7fb1ec65c000-7fb1ec666000 r--p 00172000 fc:00 1706435                    /usr/lib/x86_64-linux-gnu/libstdc++.so.6.0.21
7fb1ec666000-7fb1ec668000 rw-p 0017c000 fc:00 1706435                    /usr/lib/x86_64-linux-gnu/libstdc++.so.6.0.21
7fb1ec668000-7fb1ec66c000 rw-p 00000000 00:00 0 
7fb1ec66c000-7fb1ed2be000 r-xp 00000000 fc:00 1709632                    /usr/lib/jvm/java-8-openjdk-amd64/jre/lib/amd64/server/libjvm.so
7fb1ed2be000-7fb1ed4be000 ---p 00c52000 fc:00 1709632                    /usr/lib/jvm/java-8-openjdk-amd64/jre/lib/amd64/server/libjvm.so
7fb1ed4be000-7fb1ed551000 r--p 00c52000 fc:00 1709632                    /usr/lib/jvm/java-8-openjdk-amd64/jre/lib/amd64/server/libjvm.so
7fb1ed551000-7fb1ed57a000 rw-p 00ce5000 fc:00 1709632                    /usr/lib/jvm/java-8-openjdk-amd64/jre/lib/amd64/server/libjvm.so
7fb1ed57a000-7fb1ed5aa000 rw-p 00000000 00:00 0 
7fb1ed5aa000-7fb1ed5c2000 r-xp 00000000 fc:00 1833251                    /lib/x86_64-linux-gnu/libpthread-2.23.so
7fb1ed5c2000-7fb1ed7c1000 ---p 00018000 fc:00 1833251                    /lib/x86_64-linux-gnu/libpthread-2.23.so
7fb1ed7c1000-7fb1ed7c2000 r--p 00017000 fc:00 1833251                    /lib/x86_64-linux-gnu/libpthread-2.23.so
7fb1ed7c2000-7fb1ed7c3000 rw-p 00018000 fc:00 1833251                    /lib/x86_64-linux-gnu/libpthread-2.23.so
7fb1ed7c3000-7fb1ed7c7000 rw-p 00000000 00:00 0 
7fb1ed7c7000-7fb1ed7ca000 r-xp 00000000 fc:00 1834016                    /lib/x86_64-linux-gnu/libdl-2.23.so
7fb1ed7ca000-7fb1ed9c9000 ---p 00003000 fc:00 1834016                    /lib/x86_64-linux-gnu/libdl-2.23.so
7fb1ed9c9000-7fb1ed9ca000 r--p 00002000 fc:00 1834016                    /lib/x86_64-linux-gnu/libdl-2.23.so
7fb1ed9ca000-7fb1ed9cb000 rw-p 00003000 fc:00 1834016                    /lib/x86_64-linux-gnu/libdl-2.23.so
7fb1ed9cb000-7fb1ed9e4000 r-xp 00000000 fc:00 1835767                    /lib/x86_64-linux-gnu/libz.so.1.2.8
7fb1ed9e4000-7fb1edbe3000 ---p 00019000 fc:00 1835767                    /lib/x86_64-linux-gnu/libz.so.1.2.8
7fb1edbe3000-7fb1edbe4000 r--p 00018000 fc:00 1835767                    /lib/x86_64-linux-gnu/libz.so.1.2.8
7fb1edbe4000-7fb1edbe5000 rw-p 00019000 fc:00 1835767                    /lib/x86_64-linux-gnu/libz.so.1.2.8
7fb1edbe5000-7fb1edda5000 r-xp 00000000 fc:00 1834200                    /lib/x86_64-linux-gnu/libc-2.23.so
7fb1edda5000-7fb1edfa5000 ---p 001c0000 fc:00 1834200                    /lib/x86_64-linux-gnu/libc-2.23.so
7fb1edfa5000-7fb1edfa9000 r--p 001c0000 fc:00 1834200                    /lib/x86_64-linux-gnu/libc-2.23.so
7fb1edfa9000-7fb1edfab000 rw-p 001c4000 fc:00 1834200                    /lib/x86_64-linux-gnu/libc-2.23.so
7fb1edfab000-7fb1edfaf000 rw-p 00000000 00:00 0 
7fb1edfaf000-7fb1edfbc000 r-xp 00000000 fc:00 1709640                    /usr/lib/jvm/java-8-openjdk-amd64/jre/lib/amd64/jli/libjli.so
7fb1edfbc000-7fb1ee1bc000 ---p 0000d000 fc:00 1709640                    /usr/lib/jvm/java-8-openjdk-amd64/jre/lib/amd64/jli/libjli.so
7fb1ee1bc000-7fb1ee1bd000 r--p 0000d000 fc:00 1709640                    /usr/lib/jvm/java-8-openjdk-amd64/jre/lib/amd64/jli/libjli.so
7fb1ee1bd000-7fb1ee1be000 rw-p 0000e000 fc:00 1709640                    /usr/lib/jvm/java-8-openjdk-amd64/jre/lib/amd64/jli/libjli.so
7fb1ee1be000-7fb1ee1e4000 r-xp 00000000 fc:00 1833125                    /lib/x86_64-linux-gnu/ld-2.23.so
7fb1ee2cb000-7fb1ee2d3000 rw-s 00000000 fc:00 529557                     /tmp/hsperfdata_vagrant/3229
7fb1ee2d3000-7fb1ee2d6000 ---p 00000000 00:00 0 
7fb1ee2d6000-7fb1ee3d9000 rw-p 00000000 00:00 0 
7fb1ee3df000-7fb1ee3e0000 rw-p 00000000 00:00 0 
7fb1ee3e0000-7fb1ee3e1000 r--p 00000000 00:00 0 
7fb1ee3e1000-7fb1ee3e3000 rw-p 00000000 00:00 0 
7fb1ee3e3000-7fb1ee3e4000 r--p 00025000 fc:00 1833125                    /lib/x86_64-linux-gnu/ld-2.23.so
7fb1ee3e4000-7fb1ee3e5000 rw-p 00026000 fc:00 1833125                    /lib/x86_64-linux-gnu/ld-2.23.so
7fb1ee3e5000-7fb1ee3e6000 rw-p 00000000 00:00 0 
7fff57935000-7fff57956000 rw-p 00000000 00:00 0                          [stack]
7fff579fa000-7fff579fc000 r--p 00000000 00:00 0                          [vvar]
7fff579fc000-7fff579fe000 r-xp 00000000 00:00 0                          [vdso]
ffffffffff600000-ffffffffff601000 r-xp 00000000 00:00 0                  [vsyscall]

VM Arguments:
jvm_args: -Xms1024m -Xmx1024m -XX:ReservedCodeCacheSize=128m -XX:MaxMetaspaceSize=256m 
java_command: /usr/share/sbt/bin/sbt-launch.jar
java_class_path (initial): /usr/share/sbt/bin/sbt-launch.jar
Launcher Type: SUN_STANDARD

Environment Variables:
PATH=/usr/local/sbin:/usr/local/bin:/usr/sbin:/usr/bin:/sbin:/bin:/usr/games:/usr/local/games:/snap/bin:/opt/puppetlabs/bin
SHELL=/bin/bash

Signal Handlers:
SIGSEGV: [libjvm.so+0xa69040], sa_mask[0]=11111111011111111101111111111110, sa_flags=SA_RESTART|SA_SIGINFO
SIGBUS: [libjvm.so+0xa69040], sa_mask[0]=11111111011111111101111111111110, sa_flags=SA_RESTART|SA_SIGINFO
SIGFPE: [libjvm.so+0x8b2170], sa_mask[0]=11111111011111111101111111111110, sa_flags=SA_RESTART|SA_SIGINFO
SIGPIPE: [libjvm.so+0x8b2170], sa_mask[0]=11111111011111111101111111111110, sa_flags=SA_RESTART|SA_SIGINFO
SIGXFSZ: [libjvm.so+0x8b2170], sa_mask[0]=11111111011111111101111111111110, sa_flags=SA_RESTART|SA_SIGINFO
SIGILL: [libjvm.so+0x8b2170], sa_mask[0]=11111111011111111101111111111110, sa_flags=SA_RESTART|SA_SIGINFO
SIGUSR1: SIG_DFL, sa_mask[0]=00000000000000000000000000000000, sa_flags=none
SIGUSR2: [libjvm.so+0x8b2020], sa_mask[0]=00000000000000000000000000000000, sa_flags=SA_RESTART|SA_SIGINFO
SIGHUP: SIG_DFL, sa_mask[0]=00000000000000000000000000000000, sa_flags=none
SIGINT: SIG_DFL, sa_mask[0]=00000000000000000000000000000000, sa_flags=none
SIGTERM: SIG_DFL, sa_mask[0]=00000000000000000000000000000000, sa_flags=none
SIGQUIT: SIG_DFL, sa_mask[0]=00000000000000000000000000000000, sa_flags=none


---------------  S Y S T E M  ---------------

OS:DISTRIB_ID=Ubuntu
DISTRIB_RELEASE=16.04
DISTRIB_CODENAME=xenial
DISTRIB_DESCRIPTION="Ubuntu 16.04.3 LTS"

uname:Linux 4.4.0-45-generic #66-Ubuntu SMP Wed Oct 19 14:12:37 UTC 2016 x86_64
libc:glibc 2.23 NPTL 2.23 
rlimit: STACK 8192k, CORE 0k, NPROC 3811, NOFILE 1048576, AS infinity
load average:1.93 1.26 0.68

/proc/meminfo:
MemTotal:        1016252 kB
MemFree:           77044 kB
MemAvailable:      25344 kB
Buffers:            2752 kB
Cached:            27892 kB
SwapCached:        13416 kB
Active:           450012 kB
Inactive:         422796 kB
Active(anon):     427980 kB
Inactive(anon):   417412 kB
Active(file):      22032 kB
Inactive(file):     5384 kB
Unevictable:        3660 kB
Mlocked:            3660 kB
SwapTotal:        524284 kB
SwapFree:          51728 kB
Dirty:                36 kB
Writeback:             0 kB
AnonPages:        832872 kB
Mapped:            28740 kB
Shmem:               796 kB
Slab:              26808 kB
SReclaimable:      11828 kB
SUnreclaim:        14980 kB
KernelStack:        3568 kB
PageTables:        10916 kB
NFS_Unstable:          0 kB
Bounce:                0 kB
WritebackTmp:          0 kB
CommitLimit:     1032408 kB
Committed_AS:    2287528 kB
VmallocTotal:   34359738367 kB
VmallocUsed:           0 kB
VmallocChunk:          0 kB
HardwareCorrupted:     0 kB
AnonHugePages:    403456 kB
CmaTotal:              0 kB
CmaFree:               0 kB
HugePages_Total:       0
HugePages_Free:        0
HugePages_Rsvd:        0
HugePages_Surp:        0
Hugepagesize:       2048 kB
DirectMap4k:       59328 kB
DirectMap2M:      989184 kB


CPU:total 1 (initial active 1) (1 cores per cpu, 1 threads per core) family 6 model 37 stepping 5, cmov, cx8, fxsr, mmx, sse, sse2, sse3, ssse3, sse4.1, sse4.2, popcnt, tsc, tscinvbit

/proc/cpuinfo:
processor	: 0
vendor_id	: GenuineIntel
cpu family	: 6
model		: 37
model name	: Intel(R) Core(TM) i3 CPU       M 350  @ 2.27GHz
stepping	: 5
microcode	: 0x616
cpu MHz		: 2261.390
cache size	: 3072 KB
physical id	: 0
siblings	: 1
core id		: 0
cpu cores	: 1
apicid		: 0
initial apicid	: 0
fpu		: yes
fpu_exception	: yes
cpuid level	: 11
wp		: yes
flags		: fpu vme de pse tsc msr pae mce cx8 apic sep mtrr pge mca cmov pat pse36 clflush mmx fxsr sse sse2 syscall nx rdtscp lm constant_tsc rep_good nopl xtopology nonstop_tsc pni monitor ssse3 cx16 sse4_1 sse4_2 popcnt hypervisor lahf_lm
bugs		:
bogomips	: 4522.78
clflush size	: 64
cache_alignment	: 64
address sizes	: 36 bits physical, 48 bits virtual
power management:



Memory: 4k page, physical 1016252k(77044k free), swap 524284k(51728k free)

vm_info: OpenJDK 64-Bit Server VM (25.151-b12) for linux-amd64 JRE (1.8.0_151-8u151-b12-0ubuntu0.16.04.2-b12), built on Oct 27 2017 21:59:02 by "buildd" with gcc 5.4.0 20160609

time: Tue Dec 12 06:07:20 2017
elapsed time: 0 seconds (0d 0h 0m 0s)

